Arguments: 
  /home/pepo/.nvm/versions/node/v16.13.0/bin/node /home/pepo/.nvm/versions/node/v16.13.0/bin/yarn

PATH: 
  /home/pepo/.local/bin:/home/pepo/.nvm/versions/node/v16.13.0/bin:/home/pepo/.local/bin:/usr/local/sbin:/usr/local/bin:/usr/sbin:/usr/bin:/sbin:/bin:/usr/games:/usr/local/games:/snap/bin

Yarn version: 
  1.22.19

Node version: 
  16.13.0

Platform: 
  linux x64

Trace: 
  SyntaxError: /home/pepo/pr/igloo/igloo/package.json: Unexpected token ] in JSON at position 199
      at JSON.parse (<anonymous>)
      at /home/pepo/.nvm/versions/node/v16.13.0/lib/node_modules/yarn/lib/cli.js:1629:59
      at Generator.next (<anonymous>)
      at step (/home/pepo/.nvm/versions/node/v16.13.0/lib/node_modules/yarn/lib/cli.js:310:30)
      at /home/pepo/.nvm/versions/node/v16.13.0/lib/node_modules/yarn/lib/cli.js:321:13

npm manifest: 
  {
    "name": "@igloo/steps",
    "version": "0.0.1",
    "license": "MIT",
    "private": true,
    "scripts": {
      "dev": "rollup -w -c rollup.config.ts",
      "build": "rm -rf ./dist && rollup -c rollup.config.ts",
      "test": "jest --clearCache && node ../../node_modules/jest/bin/jest.js",
      "lint": "eslint --config ./.eslintrc --ignore-path ./.eslintignore ./src/**/*.ts",
      "lint-fix": "eslint --config ./.eslintrc --ignore-path ./.eslintignore ./src/**/*.ts --fix"
    },
    "dependencies": {
      "jest": "^29.3.1",
      "react": "^18.2.0"
    },
    "devDependencies": {
      "@babel/core": "^7.20.5",
      "@babel/preset-env": "^7.20.2",
      "@rollup/plugin-json": "^4.1.0",
      "@types/jest": "^27.5.1",
      "@types/node": "^17.0.31",
      "@typescript-eslint/eslint-plugin": "^5.12.0",
      "@typescript-eslint/parser": "^5.12.0",
      "babel-jest": "^29.3.1",
      "dotenv": "^16.0.0",
      "eslint": "^8.9.0",
      "eslint-config-prettier": "^8.4.0",
      "eslint-plugin-import": "^2.25.4",
      "eslint-plugin-prettier": "^4.0.0",
      "eslint-plugin-unused-imports": "^2.0.0",
      "rollup": "^2.70.1",
      "rollup-plugin-cleaner": "^1.0.0",
      "rollup-plugin-sourcemaps": "^0.6.3",
      "rollup-plugin-ts": "^3.0.2",
      "temp-dir": "^2.0.0",
      "ts-jest": "^29.0.3",
      "typescript": "^4.5.5"
    },
    "browser": {},
    "main": "dist/igloo-steps.cjs.js",
    "module": "dist/igloo-steps.es5.js",
    "typings": "dist/types/igloo-steps.cjs.d.ts",
    "installConfig": {}
  }

yarn manifest: 
  No manifest

Lockfile: 
  No lockfile
